#
# A fatal error has been detected by the Java Runtime Environment:
#
#  EXCEPTION_ACCESS_VIOLATION (0xc0000005) at pc=0x0000000002d62341, pid=936, tid=6852
#
# JRE version: Java(TM) SE Runtime Environment (7.0_51-b13) (build 1.7.0_51-b13)
# Java VM: Java HotSpot(TM) 64-Bit Server VM (24.51-b03 mixed mode windows-amd64 compressed oops)
# Problematic frame:
# J  org.springframework.beans.factory.support.AbstractBeanFactory.doGetBean(Ljava/lang/String;Ljava/lang/Class;[Ljava/lang/Object;Z)Ljava/lang/Object;
#
# Failed to write core dump. Minidumps are not enabled by default on client versions of Windows
#
# If you would like to submit a bug report, please visit:
#   http://bugreport.sun.com/bugreport/crash.jsp
#

---------------  T H R E A D  ---------------

Current thread (0x000000000bed4000):  JavaThread "http-bio-8080-exec-7" daemon [_thread_in_Java, id=6852, stack(0x0000000011640000,0x0000000011740000)]

siginfo: ExceptionCode=0xc0000005, reading address 0x0000000100000027

Registers:
RAX=0x00000000d70ce508, RBX=0x000000000000001c, RCX=0x00000000d08acbc8, RDX=0x0000000000000026
RSP=0x000000001173e3e0, RBP=0x00000000d42d4bf0, RSI=0x00000000d43888a8, RDI=0x00000000d08acbc8
R8 =0x00000000d3ac5cc0, R9 =0x00000000d08accd8, R10=0x00000000d70ce508, R11=0x00000000ffffffff
R12=0x0000000000000000, R13=0x00000000d3ac6440, R14=0x00000000d70ce508, R15=0x000000000bed4000
RIP=0x0000000002d62341, EFLAGS=0x0000000000010286

Top of Stack: (sp=0x000000001173e3e0)
0x000000001173e3e0:   0000000000000001 0000000000000004
0x000000001173e3f0:   00000000c29f5ef0 000000005d36dd1e
0x000000001173e400:   00000000d70ce508 00000000d42d4bd8
0x000000001173e410:   000000000a1ff570 0000000000000000
0x000000001173e420:   00000000dc259920 000000000bed4000
0x000000001173e430:   00000000d3ac5af0 0000000000000000
0x000000001173e440:   0000000000000000 0000000000000000
0x000000001173e450:   00000000d42d4bd8 00000000c4d3c459
0x000000001173e460:   0000000000000000 000000005d36fed9
0x000000001173e470:   0000000000000049 000000000bed4000
0x000000001173e480:   00000000d3ac5af0 0000000002c4e4ac
0x000000001173e490:   00000000d42d4bd8 0000000000000004
0x000000001173e4a0:   00000000d3aa4060 000000005d31a874
0x000000001173e4b0:   000000001173f458 0000000000000000
0x000000001173e4c0:   000000001173e550 0000000002506a21
0x000000001173e4d0:   00000000c0105898 0000000002506a21 

Instructions: (pc=0x0000000002d62341)
0x0000000002d62321:   84 7b 04 00 00 8b 5d 0c 49 ba 70 d6 99 d0 00 00
0x0000000002d62331:   00 00 41 0f b7 52 10 4c 8b 54 24 20 45 8b 5a 08
0x0000000002d62341:   4d 8b 53 28 44 8b c3 41 ff c8 49 8b f3 48 b8 38
0x0000000002d62351:   31 b8 c1 00 00 00 00 45 85 c0 7c 1b 85 db 0f 86 


Register to memory mapping:

RAX=
[error occurred during error reporting (printing register info), id 0xc0000005]

Stack: [0x0000000011640000,0x0000000011740000],  sp=0x000000001173e3e0,  free space=1016k
Native frames: (J=compiled Java code, j=interpreted, Vv=VM code, C=native code)
J  org.springframework.beans.factory.support.AbstractBeanFactory.doGetBean(Ljava/lang/String;Ljava/lang/Class;[Ljava/lang/Object;Z)Ljava/lang/Object;


---------------  P R O C E S S  ---------------

Java Threads: ( => current thread )
  0x000000000bed5000 JavaThread "http-bio-8080-exec-10" daemon [_thread_in_Java, id=6720, stack(0x0000000011940000,0x0000000011a40000)]
  0x000000000bed5800 JavaThread "http-bio-8080-exec-9" daemon [_thread_blocked, id=5348, stack(0x0000000011840000,0x0000000011940000)]
  0x000000000bed1000 JavaThread "http-bio-8080-exec-8" daemon [_thread_blocked, id=6464, stack(0x0000000011740000,0x0000000011840000)]
=>0x000000000bed4000 JavaThread "http-bio-8080-exec-7" daemon [_thread_in_Java, id=6852, stack(0x0000000011640000,0x0000000011740000)]
  0x000000000bed0000 JavaThread "http-bio-8080-exec-6" daemon [_thread_blocked, id=2604, stack(0x0000000011540000,0x0000000011640000)]
  0x000000000becf800 JavaThread "http-bio-8080-exec-5" daemon [_thread_blocked, id=296, stack(0x000000000d2c0000,0x000000000d3c0000)]
  0x000000000bed1800 JavaThread "http-bio-8080-exec-4" daemon [_thread_blocked, id=5548, stack(0x000000000d1c0000,0x000000000d2c0000)]
  0x000000000ba13000 JavaThread "http-bio-8080-exec-3" daemon [_thread_in_Java, id=6356, stack(0x0000000011440000,0x0000000011540000)]
  0x000000000ba12000 JavaThread "DestroyJavaVM" [_thread_blocked, id=3932, stack(0x0000000002200000,0x0000000002300000)]
  0x000000000ba13800 JavaThread "Thread-8" [_thread_blocked, id=4748, stack(0x0000000011340000,0x0000000011440000)]
  0x000000000ba11800 JavaThread "http-bio-8080-exec-2" daemon [_thread_blocked, id=2452, stack(0x0000000011240000,0x0000000011340000)]
  0x000000000ba0d800 JavaThread "http-bio-8080-exec-1" daemon [_thread_blocked, id=1336, stack(0x00000000100c0000,0x00000000101c0000)]
  0x000000000ba10800 JavaThread "http-bio-8080-AsyncTimeout" daemon [_thread_blocked, id=812, stack(0x000000000ec00000,0x000000000ed00000)]
  0x000000000ba0d000 JavaThread "http-bio-8080-Acceptor-0" daemon [_thread_in_native, id=3440, stack(0x000000000eb00000,0x000000000ec00000)]
  0x000000000ba10000 JavaThread "ContainerBackgroundProcessor[StandardEngine[Tomcat]]" daemon [_thread_blocked, id=4160, stack(0x000000000ea00000,0x000000000eb00000)]
  0x000000000ba0f000 JavaThread "seguranca.Regra.data" daemon [_thread_blocked, id=1092, stack(0x000000000d8c0000,0x000000000d9c0000)]
  0x000000000ba0e800 JavaThread "net.sf.ehcache.CacheManager@4ef9b3c8" daemon [_thread_blocked, id=6980, stack(0x000000000d7c0000,0x000000000d8c0000)]
  0x000000000c7d4000 JavaThread "Abandoned connection cleanup thread" daemon [_thread_blocked, id=4552, stack(0x000000000d6c0000,0x000000000d7c0000)]
  0x000000000cabc800 JavaThread "PoolCleaner[2000165251:1404142261613]" daemon [_thread_blocked, id=7052, stack(0x000000000d5c0000,0x000000000d6c0000)]
  0x000000000b2c2000 JavaThread "FileSystemWatcher: files=#322 cl=groovy.lang.GroovyClassLoader@77381983" daemon [_thread_blocked, id=5368, stack(0x000000000d4c0000,0x000000000d5c0000)]
  0x000000000b8e8000 JavaThread "Thread-3" daemon [_thread_in_native, id=4304, stack(0x000000000d3c0000,0x000000000d4c0000)]
  0x000000000b5f9000 JavaThread "Thread-2" [_thread_in_native, id=4752, stack(0x000000000c0d0000,0x000000000c1d0000)]
  0x0000000009a4c800 JavaThread "NonBlockingInputStreamThread" daemon [_thread_blocked, id=6944, stack(0x000000000b000000,0x000000000b100000)]
  0x0000000009737000 JavaThread "Service Thread" daemon [_thread_blocked, id=4732, stack(0x0000000009f50000,0x000000000a050000)]
  0x000000000972e000 JavaThread "C2 CompilerThread1" daemon [_thread_blocked, id=4824, stack(0x0000000009e50000,0x0000000009f50000)]
  0x000000000814e000 JavaThread "C2 CompilerThread0" daemon [_thread_blocked, id=6152, stack(0x0000000009d50000,0x0000000009e50000)]
  0x00000000096ad800 JavaThread "JDWP Command Reader" daemon [_thread_in_native, id=5080, stack(0x0000000009c50000,0x0000000009d50000)]
  0x00000000096ac800 JavaThread "JDWP Event Helper Thread" daemon [_thread_blocked, id=5372, stack(0x0000000009b50000,0x0000000009c50000)]
  0x00000000096b3000 JavaThread "JDWP Transport Listener: dt_socket" daemon [_thread_blocked, id=916, stack(0x0000000009a50000,0x0000000009b50000)]
  0x00000000080d7800 JavaThread "Attach Listener" daemon [_thread_blocked, id=380, stack(0x0000000009550000,0x0000000009650000)]
  0x00000000080d4000 JavaThread "Signal Dispatcher" daemon [_thread_blocked, id=6536, stack(0x0000000009450000,0x0000000009550000)]
  0x00000000080a2800 JavaThread "Finalizer" daemon [_thread_blocked, id=3472, stack(0x0000000009350000,0x0000000009450000)]
  0x0000000008097800 JavaThread "Reference Handler" daemon [_thread_blocked, id=4340, stack(0x0000000009250000,0x0000000009350000)]

Other Threads:
  0x0000000008095800 VMThread [stack: 0x0000000009150000,0x0000000009250000] [id=3468]
  0x0000000009783000 WatcherThread [stack: 0x000000000a050000,0x000000000a150000] [id=6988]

VM state:not at safepoint (normal execution)

VM Mutex/Monitor currently owned by a thread: None

Heap
 PSYoungGen      total 226304K, used 142720K [0x00000000f0000000, 0x00000000ffe00000, 0x0000000100000000)
  eden space 194560K, 66% used [0x00000000f0000000,0x00000000f7e43c18,0x00000000fbe00000)
  from space 31744K, 42% used [0x00000000fbe00000,0x00000000fcb1c5c0,0x00000000fdd00000)
  to   space 30720K, 0% used [0x00000000fe000000,0x00000000fe000000,0x00000000ffe00000)
 ParOldGen       total 247296K, used 201061K [0x00000000d0000000, 0x00000000df180000, 0x00000000f0000000)
  object space 247296K, 81% used [0x00000000d0000000,0x00000000dc459520,0x00000000df180000)
 PSPermGen       total 154624K, used 99959K [0x00000000c0000000, 0x00000000c9700000, 0x00000000d0000000)
  object space 154624K, 64% used [0x00000000c0000000,0x00000000c619dc98,0x00000000c9700000)

Card table byte_map: [0x00000000055c0000,0x00000000057d0000] byte_map_base: 0x0000000004fc0000

Polling page: 0x0000000000980000

Code Cache  [0x0000000002500000, 0x0000000003110000, 0x0000000005500000)
 total_blobs=3477 nmethods=2736 adapters=699 free_code_cache=37001Kb largest_free_block=37697920

Compilation events (10 events):
Event: 737.741 Thread 0x000000000814e000 3133             org.codehaus.groovy.runtime.callsite.ClassMetaClassGetPropertySite::<init> (41 bytes)
Event: 737.745 Thread 0x000000000814e000 nmethod 3133 0x0000000002a5bbd0 code [0x0000000002a5bd60, 0x0000000002a5c1c8]
Event: 737.755 Thread 0x000000000972e000 3134   !         org.codehaus.groovy.grails.web.servlet.GrailsDispatcherServlet::doDispatch (1595 bytes)
Event: 737.828 Thread 0x000000000814e000 3135   !         org.springframework.context.event.AbstractApplicationEventMulticaster::getApplicationListeners (401 bytes)
Event: 737.831 Thread 0x000000000814e000 nmethod 3135 0x00000000030f5b90 code [0x00000000030f5d00, 0x00000000030f5f98]
Event: 737.848 Thread 0x000000000814e000 3136             org.apache.catalina.core.StandardPipeline::isAsyncSupported (50 bytes)
Event: 737.849 Thread 0x000000000814e000 nmethod 3136 0x00000000030f7850 code [0x00000000030f79a0, 0x00000000030f7a58]
Event: 737.865 Thread 0x000000000814e000 3137             org.apache.catalina.connector.RequestFacade::removeAttribute (32 bytes)
Event: 737.866 Thread 0x000000000814e000 nmethod 3137 0x0000000002a5b910 code [0x0000000002a5ba60, 0x0000000002a5bb08]
Event: 737.895 Thread 0x000000000972e000 nmethod 3134 0x0000000003101650 code [0x0000000003101d00, 0x0000000003105d80]

GC Heap History (10 events):
Event: 617.105 GC heap before
{Heap before GC invocations=111 (full 4):
 PSYoungGen      total 223744K, used 198916K [0x00000000f0000000, 0x00000000ffe80000, 0x0000000100000000)
  eden space 187904K, 100% used [0x00000000f0000000,0x00000000fb780000,0x00000000fb780000)
  from space 35840K, 30% used [0x00000000fdb80000,0x00000000fe641388,0x00000000ffe80000)
  to   space 36352K, 0% used [0x00000000fb780000,0x00000000fb780000,0x00000000fdb00000)
 ParOldGen       total 247296K, used 198424K [0x00000000d0000000, 0x00000000df180000, 0x00000000f0000000)
  object space 247296K, 80% used [0x00000000d0000000,0x00000000dc1c60f0,0x00000000df180000)
 PSPermGen       total 154624K, used 99116K [0x00000000c0000000, 0x00000000c9700000, 0x00000000d0000000)
  object space 154624K, 64% used [0x00000000c0000000,0x00000000c60cb320,0x00000000c9700000)
Event: 617.125 GC heap after
Heap after GC invocations=111 (full 4):
 PSYoungGen      total 224256K, used 11012K [0x00000000f0000000, 0x00000000ffe80000, 0x0000000100000000)
  eden space 187904K, 0% used [0x00000000f0000000,0x00000000f0000000,0x00000000fb780000)
  from space 36352K, 30% used [0x00000000fb780000,0x00000000fc2413a8,0x00000000fdb00000)
  to   space 35328K, 0% used [0x00000000fdc00000,0x00000000fdc00000,0x00000000ffe80000)
 ParOldGen       total 247296K, used 198608K [0x00000000d0000000, 0x00000000df180000, 0x00000000f0000000)
  object space 247296K, 80% used [0x00000000d0000000,0x00000000dc1f4100,0x00000000df180000)
 PSPermGen       total 154624K, used 99116K [0x00000000c0000000, 0x00000000c9700000, 0x00000000d0000000)
  object space 154624K, 64% used [0x00000000c0000000,0x00000000c60cb320,0x00000000c9700000)
}
Event: 730.884 GC heap before
{Heap before GC invocations=112 (full 4):
 PSYoungGen      total 224256K, used 198916K [0x00000000f0000000, 0x00000000ffe80000, 0x0000000100000000)
  eden space 187904K, 100% used [0x00000000f0000000,0x00000000fb780000,0x00000000fb780000)
  from space 36352K, 30% used [0x00000000fb780000,0x00000000fc2413a8,0x00000000fdb00000)
  to   space 35328K, 0% used [0x00000000fdc00000,0x00000000fdc00000,0x00000000ffe80000)
 ParOldGen       total 247296K, used 198608K [0x00000000d0000000, 0x00000000df180000, 0x00000000f0000000)
  object space 247296K, 80% used [0x00000000d0000000,0x00000000dc1f4100,0x00000000df180000)
 PSPermGen       total 154624K, used 99178K [0x00000000c0000000, 0x00000000c9700000, 0x00000000d0000000)
  object space 154624K, 64% used [0x00000000c0000000,0x00000000c60daaa0,0x00000000c9700000)
Event: 730.913 GC heap after
Heap after GC invocations=112 (full 4):
 PSYoungGen      total 224256K, used 11931K [0x00000000f0000000, 0x00000000ffd00000, 0x0000000100000000)
  eden space 190464K, 0% used [0x00000000f0000000,0x00000000f0000000,0x00000000fba00000)
  from space 33792K, 35% used [0x00000000fdc00000,0x00000000fe7a6c10,0x00000000ffd00000)
  to   space 34304K, 0% used [0x00000000fba00000,0x00000000fba00000,0x00000000fdb80000)
 ParOldGen       total 247296K, used 198856K [0x00000000d0000000, 0x00000000df180000, 0x00000000f0000000)
  object space 247296K, 80% used [0x00000000d0000000,0x00000000dc232100,0x00000000df180000)
 PSPermGen       total 154624K, used 99178K [0x00000000c0000000, 0x00000000c9700000, 0x00000000d0000000)
  object space 154624K, 64% used [0x00000000c0000000,0x00000000c60daaa0,0x00000000c9700000)
}
Event: 733.011 GC heap before
{Heap before GC invocations=113 (full 4):
 PSYoungGen      total 224256K, used 202395K [0x00000000f0000000, 0x00000000ffd00000, 0x0000000100000000)
  eden space 190464K, 100% used [0x00000000f0000000,0x00000000fba00000,0x00000000fba00000)
  from space 33792K, 35% used [0x00000000fdc00000,0x00000000fe7a6c10,0x00000000ffd00000)
  to   space 34304K, 0% used [0x00000000fba00000,0x00000000fba00000,0x00000000fdb80000)
 ParOldGen       total 247296K, used 198856K [0x00000000d0000000, 0x00000000df180000, 0x00000000f0000000)
  object space 247296K, 80% used [0x00000000d0000000,0x00000000dc232100,0x00000000df180000)
 PSPermGen       total 154624K, used 99409K [0x00000000c0000000, 0x00000000c9700000, 0x00000000d0000000)
  object space 154624K, 64% used [0x00000000c0000000,0x00000000c6114450,0x00000000c9700000)
Event: 733.026 GC heap after
Heap after GC invocations=113 (full 4):
 PSYoungGen      total 224768K, used 13452K [0x00000000f0000000, 0x00000000ffe80000, 0x0000000100000000)
  eden space 190464K, 0% used [0x00000000f0000000,0x00000000f0000000,0x00000000fba00000)
  from space 34304K, 39% used [0x00000000fba00000,0x00000000fc7232e0,0x00000000fdb80000)
  to   space 33280K, 0% used [0x00000000fde00000,0x00000000fde00000,0x00000000ffe80000)
 ParOldGen       total 247296K, used 199000K [0x00000000d0000000, 0x00000000df180000, 0x00000000f0000000)
  object space 247296K, 80% used [0x00000000d0000000,0x00000000dc256100,0x00000000df180000)
 PSPermGen       total 154624K, used 99409K [0x00000000c0000000, 0x00000000c9700000, 0x00000000d0000000)
  object space 154624K, 64% used [0x00000000c0000000,0x00000000c6114450,0x00000000c9700000)
}
Event: 733.928 GC heap before
{Heap before GC invocations=114 (full 4):
 PSYoungGen      total 224768K, used 203916K [0x00000000f0000000, 0x00000000ffe80000, 0x0000000100000000)
  eden space 190464K, 100% used [0x00000000f0000000,0x00000000fba00000,0x00000000fba00000)
  from space 34304K, 39% used [0x00000000fba00000,0x00000000fc7232e0,0x00000000fdb80000)
  to   space 33280K, 0% used [0x00000000fde00000,0x00000000fde00000,0x00000000ffe80000)
 ParOldGen       total 247296K, used 199000K [0x00000000d0000000, 0x00000000df180000, 0x00000000f0000000)
  object space 247296K, 80% used [0x00000000d0000000,0x00000000dc256100,0x00000000df180000)
 PSPermGen       total 154624K, used 99793K [0x00000000c0000000, 0x00000000c9700000, 0x00000000d0000000)
  object space 154624K, 64% used [0x00000000c0000000,0x00000000c61745b0,0x00000000c9700000)
Event: 733.945 GC heap after
Heap after GC invocations=114 (full 4):
 PSYoungGen      total 225280K, used 13713K [0x00000000f0000000, 0x00000000ffc00000, 0x0000000100000000)
  eden space 194560K, 0% used [0x00000000f0000000,0x00000000f0000000,0x00000000fbe00000)
  from space 30720K, 44% used [0x00000000fde00000,0x00000000feb645c0,0x00000000ffc00000)
  to   space 31744K, 0% used [0x00000000fbe00000,0x00000000fbe00000,0x00000000fdd00000)
 ParOldGen       total 247296K, used 200661K [0x00000000d0000000, 0x00000000df180000, 0x00000000f0000000)
  object space 247296K, 81% used [0x00000000d0000000,0x00000000dc3f5520,0x00000000df180000)
 PSPermGen       total 154624K, used 99793K [0x00000000c0000000, 0x00000000c9700000, 0x00000000d0000000)
  object space 154624K, 64% used [0x00000000c0000000,0x00000000c61745b0,0x00000000c9700000)
}
Event: 737.288 GC heap before
{Heap before GC invocations=115 (full 4):
 PSYoungGen      total 225280K, used 208273K [0x00000000f0000000, 0x00000000ffc00000, 0x0000000100000000)
  eden space 194560K, 100% used [0x00000000f0000000,0x00000000fbe00000,0x00000000fbe00000)
  from space 30720K, 44% used [0x00000000fde00000,0x00000000feb645c0,0x00000000ffc00000)
  to   space 31744K, 0% used [0x00000000fbe00000,0x00000000fbe00000,0x00000000fdd00000)
 ParOldGen       total 247296K, used 200661K [0x00000000d0000000, 0x00000000df180000, 0x00000000f0000000)
  object space 247296K, 81% used [0x00000000d0000000,0x00000000dc3f5520,0x00000000df180000)
 PSPermGen       total 154624K, used 99836K [0x00000000c0000000, 0x00000000c9700000, 0x00000000d0000000)
  object space 154624K, 64% used [0x00000000c0000000,0x00000000c617f348,0x00000000c9700000)
Event: 737.309 GC heap after
Heap after GC invocations=115 (full 4):
 PSYoungGen      total 226304K, used 13425K [0x00000000f0000000, 0x00000000ffe00000, 0x0000000100000000)
  eden space 194560K, 0% used [0x00000000f0000000,0x00000000f0000000,0x00000000fbe00000)
  from space 31744K, 42% used [0x00000000fbe00000,0x00000000fcb1c5c0,0x00000000fdd00000)
  to   space 30720K, 0% used [0x00000000fe000000,0x00000000fe000000,0x00000000ffe00000)
 ParOldGen       total 247296K, used 201061K [0x00000000d0000000, 0x00000000df180000, 0x00000000f0000000)
  object space 247296K, 81% used [0x00000000d0000000,0x00000000dc459520,0x00000000df180000)
 PSPermGen       total 154624K, used 99836K [0x00000000c0000000, 0x00000000c9700000, 0x00000000d0000000)
  object space 154624K, 64% used [0x00000000c0000000,0x00000000c617f348,0x00000000c9700000)
}

Deoptimization events (10 events):
Event: 737.920 Thread 0x000000000bed5000 Uncommon trap: reason=unhandled action=none pc=0x00000000028f2c58 method=java.net.URLClassLoader$1.run()Ljava/lang/Class; @ 72
Event: 737.921 Thread 0x000000000bed5000 Uncommon trap: reason=unhandled action=none pc=0x00000000028f2c58 method=java.net.URLClassLoader$1.run()Ljava/lang/Class; @ 72
Event: 737.921 Thread 0x000000000bed5000 Uncommon trap: reason=unhandled action=none pc=0x00000000028f2c58 method=java.net.URLClassLoader$1.run()Ljava/lang/Class; @ 72
Event: 737.921 Thread 0x000000000bed5000 Uncommon trap: reason=unhandled action=none pc=0x00000000028f2c58 method=java.net.URLClassLoader$1.run()Ljava/lang/Class; @ 72
Event: 737.921 Thread 0x000000000bed5000 Uncommon trap: reason=unhandled action=none pc=0x00000000028f2c58 method=java.net.URLClassLoader$1.run()Ljava/lang/Class; @ 72
Event: 737.922 Thread 0x000000000bed5000 Uncommon trap: reason=unhandled action=none pc=0x00000000028f2c58 method=java.net.URLClassLoader$1.run()Ljava/lang/Class; @ 72
Event: 737.922 Thread 0x000000000bed5000 Uncommon trap: reason=unhandled action=none pc=0x00000000028f2c58 method=java.net.URLClassLoader$1.run()Ljava/lang/Class; @ 72
Event: 737.922 Thread 0x000000000bed5000 Uncommon trap: reason=unhandled action=none pc=0x00000000028f2c58 method=java.net.URLClassLoader$1.run()Ljava/lang/Class; @ 72
Event: 737.923 Thread 0x000000000bed5000 Uncommon trap: reason=unhandled action=none pc=0x00000000028f2c58 method=java.net.URLClassLoader$1.run()Ljava/lang/Class; @ 72
Event: 737.923 Thread 0x000000000bed5000 Uncommon trap: reason=unhandled action=none pc=0x00000000028f2c58 method=java.net.URLClassLoader$1.run()Ljava/lang/Class; @ 72

Internal exceptions (10 events):
Event: 737.921 Thread 0x000000000bed5000 Threw 0x00000000f7c742f8 at C:\re\jdk7u51\527\hotspot\src\share\vm\prims\jvm.cpp:1244
Event: 737.921 Thread 0x000000000bed5000 Threw 0x00000000f7c771e8 at C:\re\jdk7u51\527\hotspot\src\share\vm\prims\jvm.cpp:1244
Event: 737.921 Thread 0x000000000bed5000 Threw 0x00000000f7c82890 at C:\re\jdk7u51\527\hotspot\src\share\vm\prims\jvm.cpp:1244
Event: 737.922 Thread 0x000000000bed5000 Threw 0x00000000f7c9b318 at C:\re\jdk7u51\527\hotspot\src\share\vm\prims\jvm.cpp:1244
Event: 737.922 Thread 0x000000000bed5000 Threw 0x00000000f7c9c1f8 at C:\re\jdk7u51\527\hotspot\src\share\vm\classfile\systemDictionary.cpp:185
Event: 737.922 Thread 0x000000000bed5000 Threw 0x00000000f7c9ef88 at C:\re\jdk7u51\527\hotspot\src\share\vm\prims\jvm.cpp:1244
Event: 737.922 Thread 0x000000000bed5000 Threw 0x00000000f7ca2938 at C:\re\jdk7u51\527\hotspot\src\share\vm\prims\jvm.cpp:1244
Event: 737.923 Thread 0x000000000bed5000 Threw 0x00000000f7cb0c50 at C:\re\jdk7u51\527\hotspot\src\share\vm\prims\jvm.cpp:1244
Event: 737.923 Thread 0x000000000bed5000 Threw 0x00000000f7ccfa60 at C:\re\jdk7u51\527\hotspot\src\share\vm\prims\jvm.cpp:1244
Event: 737.923 Thread 0x000000000bed5000 Threw 0x00000000f7cd0960 at C:\re\jdk7u51\527\hotspot\src\share\vm\classfile\systemDictionary.cpp:185

Events (10 events):
Event: 737.923 Thread 0x000000000bed5000 DEOPT UNPACKING pc=0x0000000002538eb9 sp=0x0000000011a3a0d8 mode 1
Event: 737.923 Thread 0x000000000bed5000 Uncommon trap: trap_request=0xffffffa7 fr.pc=0x00000000028f2c58
Event: 737.923 Thread 0x000000000bed5000 DEOPT PACKING pc=0x00000000028f2c58 sp=0x0000000011a39650
Event: 737.923 Thread 0x000000000bed5000 DEOPT UNPACKING pc=0x0000000002539064 sp=0x0000000011a395a8 mode 2
Event: 737.923 Thread 0x000000000bed5000 DEOPT PACKING pc=0x000000000293c280 sp=0x0000000011a3a180
Event: 737.923 Thread 0x000000000bed5000 DEOPT UNPACKING pc=0x0000000002538eb9 sp=0x0000000011a39ea8 mode 1
Event: 737.923 Thread 0x000000000bed5000 DEOPT PACKING pc=0x0000000002955acc sp=0x0000000011a3a240
Event: 737.923 Thread 0x000000000bed5000 DEOPT UNPACKING pc=0x0000000002538eb9 sp=0x0000000011a39ef8 mode 1
Event: 737.923 loading class 0x000000000a1b9b10
Event: 737.923 loading class 0x000000000a1b9b10 done


Dynamic libraries:
0x00007ff754290000 - 0x00007ff7542c3000 	C:\Program Files\Java\jdk1.7.0_51\bin\java.exe
0x00007ffc26900000 - 0x00007ffc26aa9000 	C:\Windows\SYSTEM32\ntdll.dll
0x00007ffc26270000 - 0x00007ffc263a9000 	C:\Windows\system32\KERNEL32.DLL
0x00007ffc23fe0000 - 0x00007ffc240ee000 	C:\Windows\system32\KERNELBASE.dll
0x00007ffc228b0000 - 0x00007ffc2293b000 	C:\Windows\system32\apphelp.dll
0x00007ffc17ab0000 - 0x00007ffc17aff000 	C:\Windows\AppPatch\AppPatch64\AcGenral.DLL
0x00007ffc26850000 - 0x00007ffc268f7000 	C:\Windows\system32\msvcrt.dll
0x00007ffc23ac0000 - 0x00007ffc23aeb000 	C:\Windows\SYSTEM32\SspiCli.dll
0x00007ffc26210000 - 0x00007ffc26261000 	C:\Windows\system32\SHLWAPI.dll
0x00007ffc25dd0000 - 0x00007ffc25f41000 	C:\Windows\system32\USER32.dll
0x00007ffc25ab0000 - 0x00007ffc25c26000 	C:\Windows\system32\ole32.dll
0x00007ffc242d0000 - 0x00007ffc256e0000 	C:\Windows\system32\SHELL32.dll
0x00007ffc23290000 - 0x00007ffc232af000 	C:\Windows\SYSTEM32\USERENV.dll
0x00007ffc267a0000 - 0x00007ffc26845000 	C:\Windows\system32\ADVAPI32.dll
0x00007ffc120a0000 - 0x00007ffc120bb000 	C:\Windows\SYSTEM32\MPR.dll
0x00007ffc25740000 - 0x00007ffc25876000 	C:\Windows\system32\RPCRT4.dll
0x00007ffc256e0000 - 0x00007ffc25737000 	C:\Windows\SYSTEM32\sechost.dll
0x00007ffc258d0000 - 0x00007ffc25aa7000 	C:\Windows\SYSTEM32\combase.dll
0x00007ffc26020000 - 0x00007ffc26165000 	C:\Windows\system32\GDI32.dll
0x00007ffc23c80000 - 0x00007ffc23c94000 	C:\Windows\SYSTEM32\profapi.dll
0x00007ffc222d0000 - 0x00007ffc22371000 	C:\Windows\SYSTEM32\SHCORE.dll
0x00007ffc25880000 - 0x00007ffc258b4000 	C:\Windows\system32\IMM32.DLL
0x00007ffc263b0000 - 0x00007ffc264e8000 	C:\Windows\system32\MSCTF.dll
0x00007ffc21e90000 - 0x00007ffc220ea000 	C:\Windows\WinSxS\amd64_microsoft.windows.common-controls_6595b64144ccf1df_6.0.9600.16384_none_62475f7becb72503\COMCTL32.dll
0x000000005da50000 - 0x000000005db22000 	C:\Program Files\Java\jdk1.7.0_51\jre\bin\msvcr100.dll
0x000000005d280000 - 0x000000005da49000 	C:\Program Files\Java\jdk1.7.0_51\jre\bin\server\jvm.dll
0x00007ffc120c0000 - 0x00007ffc120c9000 	C:\Windows\SYSTEM32\WSOCK32.dll
0x00007ffc1f2e0000 - 0x00007ffc1f2ff000 	C:\Windows\SYSTEM32\WINMM.dll
0x00007ffc25fb0000 - 0x00007ffc25fb7000 	C:\Windows\system32\PSAPI.DLL
0x00007ffc24260000 - 0x00007ffc242b8000 	C:\Windows\system32\WS2_32.dll
0x00007ffc1f2a0000 - 0x00007ffc1f2ca000 	C:\Windows\SYSTEM32\WINMMBASE.dll
0x00007ffc24250000 - 0x00007ffc24259000 	C:\Windows\system32\NSI.dll
0x00007ffc24140000 - 0x00007ffc2418a000 	C:\Windows\SYSTEM32\cfgmgr32.dll
0x00007ffc22b30000 - 0x00007ffc22b56000 	C:\Windows\SYSTEM32\DEVOBJ.dll
0x000000005d270000 - 0x000000005d27f000 	C:\Program Files\Java\jdk1.7.0_51\jre\bin\verify.dll
0x000000005d240000 - 0x000000005d268000 	C:\Program Files\Java\jdk1.7.0_51\jre\bin\java.dll
0x000000005c170000 - 0x000000005c1a5000 	C:\Program Files\Java\jdk1.7.0_51\jre\bin\jdwp.dll
0x000000005c1b0000 - 0x000000005c1d3000 	C:\Program Files\Java\jdk1.7.0_51\jre\bin\instrument.dll
0x000000005c160000 - 0x000000005c168000 	C:\Program Files\Java\jdk1.7.0_51\jre\bin\npt.dll
0x000000005d220000 - 0x000000005d235000 	C:\Program Files\Java\jdk1.7.0_51\jre\bin\zip.dll
0x000000005c150000 - 0x000000005c159000 	C:\Program Files\Java\jdk1.7.0_51\jre\bin\dt_socket.dll
0x00007ffc234e0000 - 0x00007ffc23538000 	C:\Windows\system32\mswsock.dll
0x00007ffc23540000 - 0x00007ffc2355e000 	C:\Windows\SYSTEM32\CRYPTSP.dll
0x00007ffc23180000 - 0x00007ffc231b5000 	C:\Windows\system32\rsaenh.dll
0x00007ffc23770000 - 0x00007ffc23796000 	C:\Windows\SYSTEM32\bcrypt.dll
0x00007ffc23af0000 - 0x00007ffc23b4e000 	C:\Windows\system32\bcryptprimitives.dll
0x00007ffc23b50000 - 0x00007ffc23b5a000 	C:\Windows\SYSTEM32\CRYPTBASE.dll
0x000000005d200000 - 0x000000005d219000 	C:\Program Files\Java\jdk1.7.0_51\jre\bin\net.dll
0x00007ffc1a400000 - 0x00007ffc1a414000 	C:\Windows\system32\napinsp.dll
0x00007ffc1a390000 - 0x00007ffc1a3a9000 	C:\Windows\system32\pnrpnsp.dll
0x00007ffc1e360000 - 0x00007ffc1e379000 	C:\Windows\system32\NLAapi.dll
0x00007ffc232f0000 - 0x00007ffc23393000 	C:\Windows\SYSTEM32\DNSAPI.dll
0x00007ffc1a380000 - 0x00007ffc1a38c000 	C:\Windows\System32\winrnr.dll
0x00007ffc1a6e0000 - 0x00007ffc1a6e9000 	C:\Windows\System32\rasadhlp.dll
0x00007ffc1dff0000 - 0x00007ffc1e019000 	C:\Windows\SYSTEM32\IPHLPAPI.DLL
0x00007ffc1dfd0000 - 0x00007ffc1dfda000 	C:\Windows\SYSTEM32\WINNSI.DLL
0x00007ffc1de50000 - 0x00007ffc1deb7000 	C:\Windows\System32\fwpuclnt.dll
0x000000005d1e0000 - 0x000000005d1f1000 	C:\Program Files\Java\jdk1.7.0_51\jre\bin\nio.dll
0x00007ffc1b0b0000 - 0x00007ffc1b0ba000 	C:\Users\Luiz\AppData\Local\Temp\jansi-64-1102755756379605819.dll
0x000000005c140000 - 0x000000005c14b000 	C:\Program Files\Java\jdk1.7.0_51\jre\bin\management.dll

VM Arguments:
jvm_args: -Dfile.encoding=UTF-8 -Xmx768M -Xms64M -XX:MaxPermSize=256m -Dgrails.fork.active=true -Dgrails.build.execution.context=C:\Users\Luiz\AppData\Local\Temp\bolao7920755461348818093grails-execution-context -Xdebug -Xnoagent -Dgrails.full.stacktrace=true -Djava.compiler=NONE -Xrunjdwp:transport=dt_socket,server=n,suspend=y,address=62620 -Dgrails.home=E:\Desenvolvimento\grails-2.4.0 -javaagent:E:\Desenvolvimento\grails-2.4.0\lib\org.springframework\springloaded\jars\springloaded-1.2.0.RELEASE.jar -Xverify:none -Dspringloaded.synchronize=true -Djdk.reflect.allowGetCallerClass=true -Dspringloaded=profile=grails;cacheDir=C:\Users\Luiz\.grails\2.4.0 
java_command: org.grails.plugins.tomcat.fork.ForkedTomcatServer
Launcher Type: SUN_STANDARD

Environment Variables:
JAVA_HOME=C:\Program Files\Java\jdk1.7.0_51
PATH=C:\Program Files (x86)\NVIDIA Corporation\PhysX\Common;C:\Windows\system32;C:\Windows;C:\Windows\System32\Wbem;C:\Windows\System32\WindowsPowerShell\v1.0\;C:\Program Files\Java\jdk1.7.0_51\bin;E:\Desenvolvimento\grails-2.4.0\bin
USERNAME=Luiz
OS=Windows_NT
PROCESSOR_IDENTIFIER=AMD64 Family 16 Model 4 Stepping 3, AuthenticAMD



---------------  S Y S T E M  ---------------

OS: Windows 8 , 64 bit Build 9200 

CPU:total 4 (4 cores per cpu, 1 threads per core) family 16 model 4 stepping 3, cmov, cx8, fxsr, mmx, sse, sse2, sse3, popcnt, mmxext, 3dnowpref, lzcnt, sse4a, tsc, tscinvbit, tscinv

Memory: 4k page, physical 4192436k(334968k free), swap 8386740k(3461148k free)

vm_info: Java HotSpot(TM) 64-Bit Server VM (24.51-b03) for windows-amd64 JRE (1.7.0_51-b13), built on Dec 18 2013 18:40:56 by "java_re" with unknown MS VC++:1600

time: Mon Jun 30 12:43:04 2014
elapsed time: 737 seconds

